<?xml version="1.0" encoding="UTF-8"?>
<!-- Generated by org.testng.reporters.JUnitXMLReporter -->
<testsuite hostname="DESKTOP-A65JLV2" ignored="0" name="case3" tests="1" failures="0" timestamp="31 三月 2019 11:46:48 GMT" time="0.118" errors="0">
  <testcase name="@BeforeTest before" time="0.105" classname="com.basics.tests.TestParameter">
    <failure type="java.lang.IllegalStateException" message="The driver executable does not exist: D:\code\java\Test\TSelenium\test-classes\driver\chromedriver">
      <![CDATA[java.lang.IllegalStateException: The driver executable does not exist: D:\code\java\Test\TSelenium\test-classes\driver\chromedriver
at com.google.common.base.Preconditions.checkState(Preconditions.java:585)
at org.openqa.selenium.remote.service.DriverService.checkExecutable(DriverService.java:137)
at org.openqa.selenium.remote.service.DriverService.findExecutable(DriverService.java:132)
at org.openqa.selenium.chrome.ChromeDriverService.access$000(ChromeDriverService.java:35)
at org.openqa.selenium.chrome.ChromeDriverService$Builder.findDefaultExecutable(ChromeDriverService.java:156)
at org.openqa.selenium.remote.service.DriverService$Builder.build(DriverService.java:346)
at org.openqa.selenium.chrome.ChromeDriverService.createDefaultService(ChromeDriverService.java:91)
at org.openqa.selenium.chrome.ChromeDriver.<init>(ChromeDriver.java:123)
at com.basics.tests.TestParameter.before(TestParameter.java:31)
at java.util.concurrent.FutureTask.run(FutureTask.java:266)
at java.util.concurrent.ThreadPoolExecutor.runWorker(ThreadPoolExecutor.java:1142)
at java.util.concurrent.ThreadPoolExecutor$Worker.run(ThreadPoolExecutor.java:617)
at java.lang.Thread.run(Thread.java:745)
... Removed 15 stack frames]]>
    </failure>
  </testcase> <!-- @BeforeTest before -->
  <testcase name="@AfterTest after" time="0.0" classname="com.basics.tests.TestParameter">
    <skipped/>
  </testcase> <!-- @AfterTest after -->
  <testcase name="test01" time="0.0" classname="com.basics.tests.TestParameter">
    <skipped/>
  </testcase> <!-- test01 -->
</testsuite> <!-- case3 -->
