<?xml version="1.0" encoding="UTF-8"?>
<testsuite name="case3"
           tests="3"
           failures="1"
           errors="0"
           skipped="2"
           time="0.105">
  <properties />
            <testcase name="before" time="0.105" classname="com.basics.tests.TestParameter">
                <failure type="java.lang.IllegalStateException"
                  message="The driver executable does not exist: D:\code\java\Test\TSelenium\test-classes\driver\chromedriver"
              >
<![CDATA[java.lang.IllegalStateException: The driver executable does not exist: D:\code\java\Test\TSelenium\test-classes\driver\chromedriver
  com.google.common.base.Preconditions.checkState(Preconditions.java:585)
  org.openqa.selenium.remote.service.DriverService.checkExecutable(DriverService.java:137)
  org.openqa.selenium.remote.service.DriverService.findExecutable(DriverService.java:132)
  org.openqa.selenium.chrome.ChromeDriverService.access$000(ChromeDriverService.java:35)
  org.openqa.selenium.chrome.ChromeDriverService$Builder.findDefaultExecutable(ChromeDriverService.java:156)
  org.openqa.selenium.remote.service.DriverService$Builder.build(DriverService.java:346)
  org.openqa.selenium.chrome.ChromeDriverService.createDefaultService(ChromeDriverService.java:91)
  org.openqa.selenium.chrome.ChromeDriver.<init>(ChromeDriver.java:123)
  com.basics.tests.TestParameter.before(TestParameter.java:31)
  sun.reflect.NativeMethodAccessorImpl.invoke0(Native Method)
  sun.reflect.NativeMethodAccessorImpl.invoke(NativeMethodAccessorImpl.java:62)
  sun.reflect.DelegatingMethodAccessorImpl.invoke(DelegatingMethodAccessorImpl.java:43)
  java.lang.reflect.Method.invoke(Method.java:497)
  org.testng.internal.MethodInvocationHelper.invokeMethod(MethodInvocationHelper.java:124)
  org.testng.internal.MethodInvocationHelper.invokeMethodConsideringTimeout(MethodInvocationHelper.java:59)
  org.testng.internal.Invoker.invokeConfigurationMethod(Invoker.java:458)
  org.testng.internal.Invoker.invokeConfigurations(Invoker.java:222)
  org.testng.internal.Invoker.invokeConfigurations(Invoker.java:142)
  org.testng.TestRunner.beforeRun(TestRunner.java:529)
  org.testng.TestRunner.run(TestRunner.java:497)
  org.testng.SuiteRunner.runTest(SuiteRunner.java:455)
  org.testng.SuiteRunner.access$000(SuiteRunner.java:40)
  org.testng.SuiteRunner$SuiteWorker.run(SuiteRunner.java:489)
  org.testng.internal.thread.ThreadUtil$1.call(ThreadUtil.java:52)
  java.util.concurrent.FutureTask.run(FutureTask.java:266)
  java.util.concurrent.ThreadPoolExecutor.runWorker(ThreadPoolExecutor.java:1142)
  java.util.concurrent.ThreadPoolExecutor$Worker.run(ThreadPoolExecutor.java:617)
  java.lang.Thread.run(Thread.java:745)
]]>
      </failure>

          </testcase>
  
            <testcase name="after" time="0.0" classname="com.basics.tests.TestParameter">
          <skipped />
    </testcase>
            <testcase name="test01" time="0.0" classname="com.basics.tests.TestParameter">
          <skipped />
    </testcase>
  
  
</testsuite>
