<!DOCTYPE html PUBLIC "-//W3C//DTD XHTML 1.1//EN" "http://www.w3.org/TR/xhtml11/DTD/xhtml11.dtd">
<html xmlns="http://www.w3.org/1999/xhtml">
<head>
<meta http-equiv="content-type" content="text/html; charset=UTF-8"/>
<title>TestNG Report</title>
<style type="text/css">table {margin-bottom:10px;border-collapse:collapse;empty-cells:show}th,td {border:1px solid #009;padding:.25em .5em}th {vertical-align:bottom}td {vertical-align:top}table a {font-weight:bold}.stripe td {background-color: #E6EBF9}.num {text-align:right}.passedodd td {background-color: #3F3}.passedeven td {background-color: #0A0}.skippedodd td {background-color: #DDD}.skippedeven td {background-color: #CCC}.failedodd td,.attn {background-color: #F33}.failedeven td,.stripe .attn {background-color: #D00}.stacktrace {white-space:pre;font-family:monospace}.totop {font-size:85%;text-align:center;border-bottom:2px solid #000}.invisible {display:none}</style>
</head>
<body>
<table>
<tr><th>Test</th><th># Passed</th><th># Skipped</th><th># Failed</th><th>Time (ms)</th><th>Included Groups</th><th>Excluded Groups</th></tr>
<tr><th colspan="7">TestAll</th></tr>
<tr><td><a href="#t0">case2</a></td><td class="num">3</td><td class="num">0</td><td class="num">0</td><td class="num">33</td><td>selenium-test</td><td></td></tr>
<tr class="stripe"><td><a href="#t1">case3</a></td><td class="num">0</td><td class="num attn">1</td><td class="num">0</td><td class="num">118</td><td></td><td></td></tr>
<tr><th>Total</th><th class="num">3</th><th class="num attn">1</th><th class="num">0</th><th class="num">151</th><th colspan="2"></th></tr>
</table>
<table id='summary'><thead><tr><th>Class</th><th>Method</th><th>Start</th><th>Time (ms)</th></tr></thead><tbody><tr><th colspan="4">TestAll</th></tr></tbody><tbody id="t0"><tr><th colspan="4">case2 &#8212; passed</th></tr><tr class="passedeven"><td rowspan="2">com.basics.tests.TestGroup</td><td><a href="#m0">groupA001</a></td><td rowspan="1">1554032808172</td><td rowspan="1">5</td></tr><tr class="passedeven"><td><a href="#m1">groupA002</a></td><td rowspan="1">1554032808178</td><td rowspan="1">1</td></tr><tr class="passedodd"><td rowspan="1">com.basics.tests.TestGroup2</td><td><a href="#m2">testG</a></td><td rowspan="1">1554032808188</td><td rowspan="1">0</td></tr></tbody>
<tbody id="t1"><tr><th colspan="4">case3 &#8212; failed (configuration methods)</th></tr><tr class="failedeven"><td rowspan="1">com.basics.tests.TestParameter</td><td><a href="#m3">before</a></td><td rowspan="1">1554032808160</td><td rowspan="1">105</td></tr><tr><th colspan="4">case3 &#8212; skipped (configuration methods)</th></tr><tr class="skippedeven"><td rowspan="1">com.basics.tests.TestParameter</td><td><a href="#m4">after</a></td><td rowspan="1">1554032808277</td><td rowspan="1">0</td></tr><tr><th colspan="4">case3 &#8212; skipped</th></tr><tr class="skippedeven"><td rowspan="1">com.basics.tests.TestParameter</td><td><a href="#m5">test01</a></td><td rowspan="1">1554032808276</td><td rowspan="1">0</td></tr></tbody>
</table>
<h2>case2</h2><h3 id="m0">com.basics.tests.TestGroup#groupA001</h3><table class="result"><tr><th class="invisible"/></tr></table><p class="totop"><a href="#summary">back to summary</a></p>
<h3 id="m1">com.basics.tests.TestGroup#groupA002</h3><table class="result"><tr><th class="invisible"/></tr></table><p class="totop"><a href="#summary">back to summary</a></p>
<h3 id="m2">com.basics.tests.TestGroup2#testG</h3><table class="result"><tr><th class="invisible"/></tr></table><p class="totop"><a href="#summary">back to summary</a></p>
<h2>case3</h2><h3 id="m3">com.basics.tests.TestParameter#before</h3><table class="result"><tr class="param"><th>Parameter #1</th><th>Parameter #2</th></tr><tr class="param stripe"><td>chrome</td><td>https://www.baidu.com/</td></tr><tr><th colspan="2">Exception</th></tr><tr><td colspan="2"><div class="stacktrace">java.lang.IllegalStateException: The driver executable does not exist: D:\code\java\Test\TSelenium\test-classes\driver\chromedriver
	at com.google.common.base.Preconditions.checkState(Preconditions.java:585)
	at org.openqa.selenium.remote.service.DriverService.checkExecutable(DriverService.java:137)
	at org.openqa.selenium.remote.service.DriverService.findExecutable(DriverService.java:132)
	at org.openqa.selenium.chrome.ChromeDriverService.access$000(ChromeDriverService.java:35)
	at org.openqa.selenium.chrome.ChromeDriverService$Builder.findDefaultExecutable(ChromeDriverService.java:156)
	at org.openqa.selenium.remote.service.DriverService$Builder.build(DriverService.java:346)
	at org.openqa.selenium.chrome.ChromeDriverService.createDefaultService(ChromeDriverService.java:91)
	at org.openqa.selenium.chrome.ChromeDriver.&lt;init&gt;(ChromeDriver.java:123)
	at com.basics.tests.TestParameter.before(TestParameter.java:31)
	at java.util.concurrent.FutureTask.run(FutureTask.java:266)
	at java.util.concurrent.ThreadPoolExecutor.runWorker(ThreadPoolExecutor.java:1142)
	at java.util.concurrent.ThreadPoolExecutor$Worker.run(ThreadPoolExecutor.java:617)
	at java.lang.Thread.run(Thread.java:745)
... Removed 15 stack frames</div></td></tr></table><p class="totop"><a href="#summary">back to summary</a></p>
<h3 id="m4">com.basics.tests.TestParameter#after</h3><table class="result"><tr><th class="invisible"/></tr></table><p class="totop"><a href="#summary">back to summary</a></p>
<h3 id="m5">com.basics.tests.TestParameter#test01</h3><table class="result"><tr><th>Exception</th></tr><tr><td><div class="stacktrace">java.lang.RuntimeException: java.io.FileNotFoundException: 
	at java.util.concurrent.FutureTask.run(FutureTask.java:266)
	at java.util.concurrent.ThreadPoolExecutor.runWorker(ThreadPoolExecutor.java:1142)
	at java.util.concurrent.ThreadPoolExecutor$Worker.run(ThreadPoolExecutor.java:617)
	at java.lang.Thread.run(Thread.java:745)
Caused by: java.io.FileNotFoundException: 
	at java.io.FileInputStream.open0(Native Method)
	at java.io.FileInputStream.open(FileInputStream.java:195)
	at java.io.FileInputStream.&lt;init&gt;(FileInputStream.java:138)
	at com.basics.utils.RangeDatabyPOI.poiRangeData(RangeDatabyPOI.java:26)
	at com.basics.tests.TestParameter.getData(TestParameter.java:21)
	... 17 more
... Removed 21 stack frames</div></td></tr></table><p class="totop"><a href="#summary">back to summary</a></p>
</body>
</html>
