<?xml version="1.0" encoding="UTF-8"?>
<testng-results skipped="1" failed="0" ignored="3" total="7" passed="3">
  <reporter-output>
  </reporter-output>
  <suite name="TestAll" duration-ms="118" started-at="2019-03-31T11:46:48Z" finished-at="2019-03-31T11:46:48Z">
    <groups>
      <group name="selenium-test">
        <method signature="TestGroup.groupA001()[pri:0, instance:com.basics.tests.TestGroup@7c16905e]" name="groupA001" class="com.basics.tests.TestGroup"/>
        <method signature="TestGroup.groupA002()[pri:0, instance:com.basics.tests.TestGroup@7c16905e]" name="groupA002" class="com.basics.tests.TestGroup"/>
        <method signature="TestGroup2.testG()[pri:0, instance:com.basics.tests.TestGroup2@2a2d45ba]" name="testG" class="com.basics.tests.TestGroup2"/>
      </group> <!-- selenium-test -->
    </groups>
    <test name="case2" duration-ms="33" started-at="2019-03-31T11:46:48Z" finished-at="2019-03-31T11:46:48Z">
      <class name="com.basics.tests.TestGroup">
        <test-method status="PASS" signature="groupA001()[pri:0, instance:com.basics.tests.TestGroup@7c16905e]" name="groupA001" duration-ms="5" started-at="2019-03-31T11:46:48Z" finished-at="2019-03-31T11:46:48Z">
          <reporter-output>
          </reporter-output>
        </test-method> <!-- groupA001 -->
        <test-method status="PASS" signature="groupA002()[pri:0, instance:com.basics.tests.TestGroup@7c16905e]" name="groupA002" duration-ms="1" started-at="2019-03-31T11:46:48Z" finished-at="2019-03-31T11:46:48Z">
          <reporter-output>
          </reporter-output>
        </test-method> <!-- groupA002 -->
      </class> <!-- com.basics.tests.TestGroup -->
      <class name="com.basics.tests.TestGroup2">
        <test-method status="PASS" signature="testG()[pri:0, instance:com.basics.tests.TestGroup2@2a2d45ba]" name="testG" duration-ms="0" started-at="2019-03-31T11:46:48Z" finished-at="2019-03-31T11:46:48Z">
          <reporter-output>
          </reporter-output>
        </test-method> <!-- testG -->
      </class> <!-- com.basics.tests.TestGroup2 -->
    </test> <!-- case2 -->
    <test name="case3" duration-ms="118" started-at="2019-03-31T11:46:48Z" finished-at="2019-03-31T11:46:48Z">
      <class name="com.basics.tests.TestParameter">
        <test-method status="FAIL" signature="before(java.lang.String, java.lang.String)[pri:0, instance:com.basics.tests.TestParameter@5c3bd550]" name="before" is-config="true" duration-ms="105" started-at="2019-03-31T11:46:48Z" finished-at="2019-03-31T11:46:48Z">
          <params>
            <param index="0">
              <value>
                <![CDATA[chrome]]>
              </value>
            </param>
            <param index="1">
              <value>
                <![CDATA[https://www.baidu.com/]]>
              </value>
            </param>
          </params>
          <exception class="java.lang.IllegalStateException">
            <message>
              <![CDATA[The driver executable does not exist: D:\code\java\Test\TSelenium\test-classes\driver\chromedriver]]>
            </message>
            <full-stacktrace>
              <![CDATA[java.lang.IllegalStateException: The driver executable does not exist: D:\code\java\Test\TSelenium\test-classes\driver\chromedriver
at com.google.common.base.Preconditions.checkState(Preconditions.java:585)
at org.openqa.selenium.remote.service.DriverService.checkExecutable(DriverService.java:137)
at org.openqa.selenium.remote.service.DriverService.findExecutable(DriverService.java:132)
at org.openqa.selenium.chrome.ChromeDriverService.access$000(ChromeDriverService.java:35)
at org.openqa.selenium.chrome.ChromeDriverService$Builder.findDefaultExecutable(ChromeDriverService.java:156)
at org.openqa.selenium.remote.service.DriverService$Builder.build(DriverService.java:346)
at org.openqa.selenium.chrome.ChromeDriverService.createDefaultService(ChromeDriverService.java:91)
at org.openqa.selenium.chrome.ChromeDriver.<init>(ChromeDriver.java:123)
at com.basics.tests.TestParameter.before(TestParameter.java:31)
at sun.reflect.NativeMethodAccessorImpl.invoke0(Native Method)
at sun.reflect.NativeMethodAccessorImpl.invoke(NativeMethodAccessorImpl.java:62)
at sun.reflect.DelegatingMethodAccessorImpl.invoke(DelegatingMethodAccessorImpl.java:43)
at java.lang.reflect.Method.invoke(Method.java:497)
at org.testng.internal.MethodInvocationHelper.invokeMethod(MethodInvocationHelper.java:124)
at org.testng.internal.MethodInvocationHelper.invokeMethodConsideringTimeout(MethodInvocationHelper.java:59)
at org.testng.internal.Invoker.invokeConfigurationMethod(Invoker.java:458)
at org.testng.internal.Invoker.invokeConfigurations(Invoker.java:222)
at org.testng.internal.Invoker.invokeConfigurations(Invoker.java:142)
at org.testng.TestRunner.beforeRun(TestRunner.java:529)
at org.testng.TestRunner.run(TestRunner.java:497)
at org.testng.SuiteRunner.runTest(SuiteRunner.java:455)
at org.testng.SuiteRunner.access$000(SuiteRunner.java:40)
at org.testng.SuiteRunner$SuiteWorker.run(SuiteRunner.java:489)
at org.testng.internal.thread.ThreadUtil$1.call(ThreadUtil.java:52)
at java.util.concurrent.FutureTask.run(FutureTask.java:266)
at java.util.concurrent.ThreadPoolExecutor.runWorker(ThreadPoolExecutor.java:1142)
at java.util.concurrent.ThreadPoolExecutor$Worker.run(ThreadPoolExecutor.java:617)
at java.lang.Thread.run(Thread.java:745)
]]>
            </full-stacktrace>
          </exception> <!-- java.lang.IllegalStateException -->
          <reporter-output>
          </reporter-output>
        </test-method> <!-- before -->
        <test-method status="SKIP" signature="test01()[pri:0, instance:com.basics.tests.TestParameter@5c3bd550]" name="test01" duration-ms="0" started-at="2019-03-31T11:46:48Z" data-provider="mooc" finished-at="2019-03-31T11:46:48Z">
          <exception class="java.lang.RuntimeException">
            <message>
              <![CDATA[java.io.FileNotFoundException: ]]>
            </message>
            <full-stacktrace>
              <![CDATA[java.lang.RuntimeException: java.io.FileNotFoundException: 
at org.testng.internal.MethodInvocationHelper.invokeMethodNoCheckedException(MethodInvocationHelper.java:49)
at org.testng.internal.MethodInvocationHelper.invokeDataProvider(MethodInvocationHelper.java:131)
at org.testng.internal.Parameters.handleParameters(Parameters.java:706)
at org.testng.internal.ParameterHandler.handleParameters(ParameterHandler.java:49)
at org.testng.internal.ParameterHandler.createParameters(ParameterHandler.java:37)
at org.testng.internal.Invoker.invokeTestMethods(Invoker.java:924)
at org.testng.internal.TestMethodWorker.invokeTestMethods(TestMethodWorker.java:125)
at org.testng.internal.TestMethodWorker.run(TestMethodWorker.java:109)
at org.testng.TestRunner.privateRun(TestRunner.java:648)
at org.testng.TestRunner.run(TestRunner.java:505)
at org.testng.SuiteRunner.runTest(SuiteRunner.java:455)
at org.testng.SuiteRunner.access$000(SuiteRunner.java:40)
at org.testng.SuiteRunner$SuiteWorker.run(SuiteRunner.java:489)
at org.testng.internal.thread.ThreadUtil$1.call(ThreadUtil.java:52)
at java.util.concurrent.FutureTask.run(FutureTask.java:266)
at java.util.concurrent.ThreadPoolExecutor.runWorker(ThreadPoolExecutor.java:1142)
at java.util.concurrent.ThreadPoolExecutor$Worker.run(ThreadPoolExecutor.java:617)
at java.lang.Thread.run(Thread.java:745)
Caused by: java.io.FileNotFoundException: 
at java.io.FileInputStream.open0(Native Method)
at java.io.FileInputStream.open(FileInputStream.java:195)
at java.io.FileInputStream.<init>(FileInputStream.java:138)
at com.basics.utils.RangeDatabyPOI.poiRangeData(RangeDatabyPOI.java:26)
at com.basics.tests.TestParameter.getData(TestParameter.java:21)
at sun.reflect.NativeMethodAccessorImpl.invoke0(Native Method)
at sun.reflect.NativeMethodAccessorImpl.invoke(NativeMethodAccessorImpl.java:62)
at sun.reflect.DelegatingMethodAccessorImpl.invoke(DelegatingMethodAccessorImpl.java:43)
at java.lang.reflect.Method.invoke(Method.java:497)
at org.testng.internal.MethodInvocationHelper.invokeMethod(MethodInvocationHelper.java:124)
at org.testng.internal.MethodInvocationHelper.invokeMethod(MethodInvocationHelper.java:74)
at org.testng.internal.MethodInvocationHelper.invokeMethodNoCheckedException(MethodInvocationHelper.java:45)
... 17 more
]]>
            </full-stacktrace>
          </exception> <!-- java.lang.RuntimeException -->
          <reporter-output>
          </reporter-output>
        </test-method> <!-- test01 -->
        <test-method status="SKIP" signature="after()[pri:0, instance:com.basics.tests.TestParameter@5c3bd550]" name="after" is-config="true" duration-ms="0" started-at="2019-03-31T11:46:48Z" finished-at="2019-03-31T11:46:48Z">
          <reporter-output>
          </reporter-output>
        </test-method> <!-- after -->
      </class> <!-- com.basics.tests.TestParameter -->
    </test> <!-- case3 -->
  </suite> <!-- TestAll -->
</testng-results>
